  ConsoleApplication1.cpp
c:\users\lette\source\repos\consoleapplication1\consoleapplication1\consoleapplication1.cpp(133): error C3861: 'com_select': identifier not found
c:\users\lette\source\repos\consoleapplication1\consoleapplication1\consoleapplication1.cpp(134): error C3861: 'comm_est': identifier not found
c:\users\lette\source\repos\consoleapplication1\consoleapplication1\consoleapplication1.cpp(439): error C3861: 'sendMSG': identifier not found
c:\users\lette\source\repos\consoleapplication1\consoleapplication1\consoleapplication1.cpp(440): error C3861: 'readMSG': identifier not found
c:\users\lette\source\repos\consoleapplication1\consoleapplication1\consoleapplication1.cpp(443): error C3861: 'readMSG': identifier not found
c:\users\lette\source\repos\consoleapplication1\consoleapplication1\consoleapplication1.cpp(455): error C3861: 'send_cmd_CS': identifier not found
c:\users\lette\source\repos\consoleapplication1\consoleapplication1\consoleapplication1.cpp(468): error C3861: 'send_cmd_RP': identifier not found
c:\users\lette\source\repos\consoleapplication1\consoleapplication1\consoleapplication1.cpp(469): error C3861: 'readMSG': identifier not found
c:\users\lette\source\repos\consoleapplication1\consoleapplication1\consoleapplication1.cpp(502): error C3861: 'send_cmd_CS': identifier not found
c:\users\lette\source\repos\consoleapplication1\consoleapplication1\consoleapplication1.cpp(509): error C3861: 'send_cmd_WP': identifier not found
c:\users\lette\source\repos\consoleapplication1\consoleapplication1\consoleapplication1.cpp(518): error C3861: 'send_cmd_WP': identifier not found
c:\users\lette\source\repos\consoleapplication1\consoleapplication1\consoleapplication1.cpp(530): error C3861: 'send_cmd_RP': identifier not found
c:\users\lette\source\repos\consoleapplication1\consoleapplication1\consoleapplication1.cpp(531): error C3861: 'readMSG': identifier not found
c:\users\lette\source\repos\consoleapplication1\consoleapplication1\consoleapplication1.cpp(549): error C3861: 'send_cmd_RP': identifier not found
c:\users\lette\source\repos\consoleapplication1\consoleapplication1\consoleapplication1.cpp(550): error C3861: 'readMSG': identifier not found
c:\users\lette\source\repos\consoleapplication1\consoleapplication1\consoleapplication1.cpp(558): error C3861: 'send_cmd_CS': identifier not found
c:\users\lette\source\repos\consoleapplication1\consoleapplication1\consoleapplication1.cpp(575): warning C4477: 'fscanf_s' : format string '%02x' requires an argument of type 'unsigned int *', but variadic argument 1 has type 'uint8_t *'
  c:\users\lette\source\repos\consoleapplication1\consoleapplication1\consoleapplication1.cpp(575): note: consider using '%hhx' in the format string
c:\users\lette\source\repos\consoleapplication1\consoleapplication1\consoleapplication1.cpp(575): warning C4474: 'fscanf_s' : too many arguments passed for format string
  c:\users\lette\source\repos\consoleapplication1\consoleapplication1\consoleapplication1.cpp(575): note: placeholders and their parameters expect 1 variadic arguments, but 2 were provided
c:\users\lette\source\repos\consoleapplication1\consoleapplication1\consoleapplication1.cpp(581): error C3861: 'send_cmd_WP': identifier not found
c:\users\lette\source\repos\consoleapplication1\consoleapplication1\consoleapplication1.cpp(606): error C3861: 'send_cmd_RP': identifier not found
c:\users\lette\source\repos\consoleapplication1\consoleapplication1\consoleapplication1.cpp(607): error C3861: 'readMSG': identifier not found
c:\users\lette\source\repos\consoleapplication1\consoleapplication1\consoleapplication1.cpp(643): error C3861: 'send_cmd_CS': identifier not found
c:\users\lette\source\repos\consoleapplication1\consoleapplication1\consoleapplication1.cpp(694): warning C4477: 'fscanf_s' : format string '%02x' requires an argument of type 'unsigned int *', but variadic argument 1 has type 'uint8_t *'
  c:\users\lette\source\repos\consoleapplication1\consoleapplication1\consoleapplication1.cpp(694): note: consider using '%hhx' in the format string
c:\users\lette\source\repos\consoleapplication1\consoleapplication1\consoleapplication1.cpp(694): warning C4474: 'fscanf_s' : too many arguments passed for format string
  c:\users\lette\source\repos\consoleapplication1\consoleapplication1\consoleapplication1.cpp(694): note: placeholders and their parameters expect 1 variadic arguments, but 2 were provided
c:\users\lette\source\repos\consoleapplication1\consoleapplication1\consoleapplication1.cpp(705): error C3861: 'send_cmd_WP': identifier not found
c:\users\lette\source\repos\consoleapplication1\consoleapplication1\consoleapplication1.cpp(713): error C3861: 'send_cmd_WP': identifier not found
c:\users\lette\source\repos\consoleapplication1\consoleapplication1\consoleapplication1.cpp(722): error C3861: 'send_cmd_WP': identifier not found
c:\users\lette\source\repos\consoleapplication1\consoleapplication1\consoleapplication1.cpp(1121): error C2065: 'hSerial': undeclared identifier
c:\users\lette\source\repos\consoleapplication1\consoleapplication1\consoleapplication1.cpp(24): error C2365: 'CLEAR_ALL': redefinition; previous definition was 'enumerator'
  c:\users\lette\source\repos\consoleapplication1\consoleapplication1\consoleapplication1.cpp(24): note: see declaration of 'CLEAR_ALL'
c:\users\lette\source\repos\consoleapplication1\consoleapplication1\consoleapplication1.cpp(25): error C2365: 'CLEAR_SECTOR': redefinition; previous definition was 'enumerator'
  c:\users\lette\source\repos\consoleapplication1\consoleapplication1\consoleapplication1.cpp(25): note: see declaration of 'CLEAR_SECTOR'
c:\users\lette\source\repos\consoleapplication1\consoleapplication1\consoleapplication1.cpp(26): error C2365: 'READ': redefinition; previous definition was 'enumerator'
  c:\users\lette\source\repos\consoleapplication1\consoleapplication1\consoleapplication1.cpp(26): note: see declaration of 'READ'
c:\users\lette\source\repos\consoleapplication1\consoleapplication1\consoleapplication1.cpp(28): error C2365: 'WRITE': redefinition; previous definition was 'enumerator'
  c:\users\lette\source\repos\consoleapplication1\consoleapplication1\consoleapplication1.cpp(27): note: see declaration of 'WRITE'
c:\users\lette\source\repos\consoleapplication1\consoleapplication1\consoleapplication1.cpp(28): error C2371: 'COMMAND': redefinition; different basic types
  c:\users\lette\source\repos\consoleapplication1\consoleapplication1\consoleapplication1.cpp(28): note: see declaration of 'COMMAND'
c:\users\lette\source\repos\consoleapplication1\consoleapplication1\consoleapplication1.cpp(32): error C2365: 'ERR': redefinition; previous definition was 'enumerator'
  c:\users\lette\source\repos\consoleapplication1\consoleapplication1\consoleapplication1.cpp(32): note: see declaration of 'ERR'
c:\users\lette\source\repos\consoleapplication1\consoleapplication1\consoleapplication1.cpp(33): error C2365: 'PORTSELECT': redefinition; previous definition was 'enumerator'
  c:\users\lette\source\repos\consoleapplication1\consoleapplication1\consoleapplication1.cpp(33): note: see declaration of 'PORTSELECT'
c:\users\lette\source\repos\consoleapplication1\consoleapplication1\consoleapplication1.cpp(34): error C2365: 'START': redefinition; previous definition was 'enumerator'
  c:\users\lette\source\repos\consoleapplication1\consoleapplication1\consoleapplication1.cpp(34): note: see declaration of 'START'
c:\users\lette\source\repos\consoleapplication1\consoleapplication1\consoleapplication1.cpp(35): error C2365: 'COMM': redefinition; previous definition was 'enumerator'
  c:\users\lette\source\repos\consoleapplication1\consoleapplication1\consoleapplication1.cpp(35): note: see declaration of 'COMM'
c:\users\lette\source\repos\consoleapplication1\consoleapplication1\consoleapplication1.cpp(38): error C2365: 'COMMEXEC': redefinition; previous definition was 'enumerator'
  c:\users\lette\source\repos\consoleapplication1\consoleapplication1\consoleapplication1.cpp(37): note: see declaration of 'COMMEXEC'
c:\users\lette\source\repos\consoleapplication1\consoleapplication1\consoleapplication1.cpp(38): error C2371: 'STAGE': redefinition; different basic types
  c:\users\lette\source\repos\consoleapplication1\consoleapplication1\consoleapplication1.cpp(38): note: see declaration of 'STAGE'
c:\users\lette\source\repos\consoleapplication1\consoleapplication1\consoleapplication1.cpp(77): error C2374: 'rx_buff': redefinition; multiple initialization
  c:\users\lette\source\repos\consoleapplication1\consoleapplication1\consoleapplication1.cpp(77): note: see declaration of 'rx_buff'
c:\users\lette\source\repos\consoleapplication1\consoleapplication1\consoleapplication1.cpp(78): error C2374: 'buff': redefinition; multiple initialization
  c:\users\lette\source\repos\consoleapplication1\consoleapplication1\consoleapplication1.cpp(78): note: see declaration of 'buff'
c:\users\lette\source\repos\consoleapplication1\consoleapplication1\consoleapplication1.cpp(91): error C2011: '_TxBuff': 'struct' type redefinition
  c:\users\lette\source\repos\consoleapplication1\consoleapplication1\consoleapplication1.cpp(90): note: see declaration of '_TxBuff'
c:\users\lette\source\repos\consoleapplication1\consoleapplication1\consoleapplication1.cpp(108): error C2374: 'filename': redefinition; multiple initialization
  c:\users\lette\source\repos\consoleapplication1\consoleapplication1\consoleapplication1.cpp(108): note: see declaration of 'filename'
c:\users\lette\source\repos\consoleapplication1\consoleapplication1\consoleapplication1.cpp(110): error C2086: 'COMMAND command': redefinition
  c:\users\lette\source\repos\consoleapplication1\consoleapplication1\consoleapplication1.cpp(110): note: see declaration of 'command'
c:\users\lette\source\repos\consoleapplication1\consoleapplication1\consoleapplication1.cpp(111): error C2086: 'STAGE stage': redefinition
  c:\users\lette\source\repos\consoleapplication1\consoleapplication1\consoleapplication1.cpp(111): note: see declaration of 'stage'
c:\users\lette\source\repos\consoleapplication1\consoleapplication1\consoleapplication1.cpp(112): error C2374: 'error': redefinition; multiple initialization
  c:\users\lette\source\repos\consoleapplication1\consoleapplication1\consoleapplication1.cpp(112): note: see declaration of 'error'
c:\users\lette\source\repos\consoleapplication1\consoleapplication1\consoleapplication1.cpp(113): error C2086: 'uint8_t *flash_data_buffer': redefinition
  c:\users\lette\source\repos\consoleapplication1\consoleapplication1\consoleapplication1.cpp(113): note: see declaration of 'flash_data_buffer'
c:\users\lette\source\repos\consoleapplication1\consoleapplication1\consoleapplication1.cpp(114): error C2086: 'uint8_t *recovery_buffer_st': redefinition
  c:\users\lette\source\repos\consoleapplication1\consoleapplication1\consoleapplication1.cpp(114): note: see declaration of 'recovery_buffer_st'
c:\users\lette\source\repos\consoleapplication1\consoleapplication1\consoleapplication1.cpp(115): error C2086: 'uint8_t *recovery_buffer_end': redefinition
  c:\users\lette\source\repos\consoleapplication1\consoleapplication1\consoleapplication1.cpp(115): note: see declaration of 'recovery_buffer_end'
c:\users\lette\source\repos\consoleapplication1\consoleapplication1\consoleapplication1.cpp(116): error C2086: 'FILE *pFile': redefinition
  c:\users\lette\source\repos\consoleapplication1\consoleapplication1\consoleapplication1.cpp(116): note: see declaration of 'pFile'
c:\users\lette\source\repos\consoleapplication1\consoleapplication1\consoleapplication1.cpp(117): error C2086: 'errno_t err': redefinition
  c:\users\lette\source\repos\consoleapplication1\consoleapplication1\consoleapplication1.cpp(117): note: see declaration of 'err'
c:\users\lette\source\repos\consoleapplication1\consoleapplication1\consoleapplication1.cpp(120): error C2084: function 'int main(void)' already has a body
  c:\users\lette\source\repos\consoleapplication1\consoleapplication1\consoleapplication1.cpp(119): note: see previous definition of 'main'
c:\users\lette\source\repos\consoleapplication1\consoleapplication1\consoleapplication1.cpp(277): error C2084: function 'STAGE command_form(void)' already has a body
  c:\users\lette\source\repos\consoleapplication1\consoleapplication1\consoleapplication1.cpp(276): note: see previous definition of 'command_form'
c:\users\lette\source\repos\consoleapplication1\consoleapplication1\consoleapplication1.cpp(290): error C2027: use of undefined type '_TxBuff'
  c:\users\lette\source\repos\consoleapplication1\consoleapplication1\consoleapplication1.cpp(90): note: see declaration of '_TxBuff'
c:\users\lette\source\repos\consoleapplication1\consoleapplication1\consoleapplication1.cpp(294): error C2027: use of undefined type '_TxBuff'
  c:\users\lette\source\repos\consoleapplication1\consoleapplication1\consoleapplication1.cpp(90): note: see declaration of '_TxBuff'
c:\users\lette\source\repos\consoleapplication1\consoleapplication1\consoleapplication1.cpp(296): error C2027: use of undefined type '_TxBuff'
  c:\users\lette\source\repos\consoleapplication1\consoleapplication1\consoleapplication1.cpp(90): note: see declaration of '_TxBuff'
c:\users\lette\source\repos\consoleapplication1\consoleapplication1\consoleapplication1.cpp(296): warning C4473: 'printf' : not enough arguments passed for format string
  c:\users\lette\source\repos\consoleapplication1\consoleapplication1\consoleapplication1.cpp(296): note: placeholders and their parameters expect 2 variadic arguments, but 0 were provided
  c:\users\lette\source\repos\consoleapplication1\consoleapplication1\consoleapplication1.cpp(296): note: the missing variadic argument 1 is required by format string '%d'
c:\users\lette\source\repos\consoleapplication1\consoleapplication1\consoleapplication1.cpp(298): error C2027: use of undefined type '_TxBuff'
  c:\users\lette\source\repos\consoleapplication1\consoleapplication1\consoleapplication1.cpp(90): note: see declaration of '_TxBuff'
c:\users\lette\source\repos\consoleapplication1\consoleapplication1\consoleapplication1.cpp(300): error C2027: use of undefined type '_TxBuff'
  c:\users\lette\source\repos\consoleapplication1\consoleapplication1\consoleapplication1.cpp(90): note: see declaration of '_TxBuff'
c:\users\lette\source\repos\consoleapplication1\consoleapplication1\consoleapplication1.cpp(300): warning C4473: 'printf' : not enough arguments passed for format string
  c:\users\lette\source\repos\consoleapplication1\consoleapplication1\consoleapplication1.cpp(300): note: placeholders and their parameters expect 2 variadic arguments, but 0 were provided
  c:\users\lette\source\repos\consoleapplication1\consoleapplication1\consoleapplication1.cpp(300): note: the missing variadic argument 1 is required by format string '%x'
c:\users\lette\source\repos\consoleapplication1\consoleapplication1\consoleapplication1.cpp(302): error C2027: use of undefined type '_TxBuff'
  c:\users\lette\source\repos\consoleapplication1\consoleapplication1\consoleapplication1.cpp(90): note: see declaration of '_TxBuff'
c:\users\lette\source\repos\consoleapplication1\consoleapplication1\consoleapplication1.cpp(304): error C2027: use of undefined type '_TxBuff'
  c:\users\lette\source\repos\consoleapplication1\consoleapplication1\consoleapplication1.cpp(90): note: see declaration of '_TxBuff'
c:\users\lette\source\repos\consoleapplication1\consoleapplication1\consoleapplication1.cpp(304): warning C4473: 'printf' : not enough arguments passed for format string
  c:\users\lette\source\repos\consoleapplication1\consoleapplication1\consoleapplication1.cpp(304): note: placeholders and their parameters expect 2 variadic arguments, but 0 were provided
  c:\users\lette\source\repos\consoleapplication1\consoleapplication1\consoleapplication1.cpp(304): note: the missing variadic argument 1 is required by format string '%x'
c:\users\lette\source\repos\consoleapplication1\consoleapplication1\consoleapplication1.cpp(306): error C2027: use of undefined type '_TxBuff'
  c:\users\lette\source\repos\consoleapplication1\consoleapplication1\consoleapplication1.cpp(90): note: see declaration of '_TxBuff'
c:\users\lette\source\repos\consoleapplication1\consoleapplication1\consoleapplication1.cpp(308): error C2027: use of undefined type '_TxBuff'
  c:\users\lette\source\repos\consoleapplication1\consoleapplication1\consoleapplication1.cpp(90): note: see declaration of '_TxBuff'
c:\users\lette\source\repos\consoleapplication1\consoleapplication1\consoleapplication1.cpp(308): warning C4473: 'printf' : not enough arguments passed for format string
  c:\users\lette\source\repos\consoleapplication1\consoleapplication1\consoleapplication1.cpp(308): note: placeholders and their parameters expect 1 variadic arguments, but 0 were provided
  c:\users\lette\source\repos\consoleapplication1\consoleapplication1\consoleapplication1.cpp(308): note: the missing variadic argument 1 is required by format string '%d'
c:\users\lette\source\repos\consoleapplication1\consoleapplication1\consoleapplication1.cpp(310): error C2027: use of undefined type '_TxBuff'
  c:\users\lette\source\repos\consoleapplication1\consoleapplication1\consoleapplication1.cpp(90): note: see declaration of '_TxBuff'
c:\users\lette\source\repos\consoleapplication1\consoleapplication1\consoleapplication1.cpp(312): error C2027: use of undefined type '_TxBuff'
  c:\users\lette\source\repos\consoleapplication1\consoleapplication1\consoleapplication1.cpp(90): note: see declaration of '_TxBuff'
c:\users\lette\source\repos\consoleapplication1\consoleapplication1\consoleapplication1.cpp(312): warning C4473: 'printf' : not enough arguments passed for format string
  c:\users\lette\source\repos\consoleapplication1\consoleapplication1\consoleapplication1.cpp(312): note: placeholders and their parameters expect 2 variadic arguments, but 0 were provided
  c:\users\lette\source\repos\consoleapplication1\consoleapplication1\consoleapplication1.cpp(312): note: the missing variadic argument 1 is required by format string '%x'
c:\users\lette\source\repos\consoleapplication1\consoleapplication1\consoleapplication1.cpp(314): error C2027: use of undefined type '_TxBuff'
  c:\users\lette\source\repos\consoleapplication1\consoleapplication1\consoleapplication1.cpp(90): note: see declaration of '_TxBuff'
c:\users\lette\source\repos\consoleapplication1\consoleapplication1\consoleapplication1.cpp(316): error C2027: use of undefined type '_TxBuff'
  c:\users\lette\source\repos\consoleapplication1\consoleapplication1\consoleapplication1.cpp(90): note: see declaration of '_TxBuff'
c:\users\lette\source\repos\consoleapplication1\consoleapplication1\consoleapplication1.cpp(316): warning C4473: 'printf' : not enough arguments passed for format string
  c:\users\lette\source\repos\consoleapplication1\consoleapplication1\consoleapplication1.cpp(316): note: placeholders and their parameters expect 2 variadic arguments, but 0 were provided
  c:\users\lette\source\repos\consoleapplication1\consoleapplication1\consoleapplication1.cpp(316): note: the missing variadic argument 1 is required by format string '%x'
c:\users\lette\source\repos\consoleapplication1\consoleapplication1\consoleapplication1.cpp(342): error C2084: function 'void prep_comm(uint8_t)' already has a body
  c:\users\lette\source\repos\consoleapplication1\consoleapplication1\consoleapplication1.cpp(341): note: see previous definition of 'prep_comm'
c:\users\lette\source\repos\consoleapplication1\consoleapplication1\consoleapplication1.cpp(353): error C2027: use of undefined type '_TxBuff'
  c:\users\lette\source\repos\consoleapplication1\consoleapplication1\consoleapplication1.cpp(90): note: see declaration of '_TxBuff'
c:\users\lette\source\repos\consoleapplication1\consoleapplication1\consoleapplication1.cpp(354): error C2027: use of undefined type '_TxBuff'
  c:\users\lette\source\repos\consoleapplication1\consoleapplication1\consoleapplication1.cpp(90): note: see declaration of '_TxBuff'
c:\users\lette\source\repos\consoleapplication1\consoleapplication1\consoleapplication1.cpp(357): error C2027: use of undefined type '_TxBuff'
  c:\users\lette\source\repos\consoleapplication1\consoleapplication1\consoleapplication1.cpp(90): note: see declaration of '_TxBuff'
c:\users\lette\source\repos\consoleapplication1\consoleapplication1\consoleapplication1.cpp(358): error C2027: use of undefined type '_TxBuff'
  c:\users\lette\source\repos\consoleapplication1\consoleapplication1\consoleapplication1.cpp(90): note: see declaration of '_TxBuff'
c:\users\lette\source\repos\consoleapplication1\consoleapplication1\consoleapplication1.cpp(359): error C2027: use of undefined type '_TxBuff'
  c:\users\lette\source\repos\consoleapplication1\consoleapplication1\consoleapplication1.cpp(90): note: see declaration of '_TxBuff'
c:\users\lette\source\repos\consoleapplication1\consoleapplication1\consoleapplication1.cpp(359): error C2660: 'sector_form': function does not take 2 arguments
  c:\users\lette\source\repos\consoleapplication1\consoleapplication1\consoleapplication1.cpp(936): note: see declaration of 'sector_form'
c:\users\lette\source\repos\consoleapplication1\consoleapplication1\consoleapplication1.cpp(360): error C2027: use of undefined type '_TxBuff'
  c:\users\lette\source\repos\consoleapplication1\consoleapplication1\consoleapplication1.cpp(90): note: see declaration of '_TxBuff'
c:\users\lette\source\repos\consoleapplication1\consoleapplication1\consoleapplication1.cpp(360): error C2660: 'sector_form': function does not take 2 arguments
  c:\users\lette\source\repos\consoleapplication1\consoleapplication1\consoleapplication1.cpp(936): note: see declaration of 'sector_form'
c:\users\lette\source\repos\consoleapplication1\consoleapplication1\consoleapplication1.cpp(363): error C2027: use of undefined type '_TxBuff'
  c:\users\lette\source\repos\consoleapplication1\consoleapplication1\consoleapplication1.cpp(90): note: see declaration of '_TxBuff'
c:\users\lette\source\repos\consoleapplication1\consoleapplication1\consoleapplication1.cpp(365): error C2027: use of undefined type '_TxBuff'
  c:\users\lette\source\repos\consoleapplication1\consoleapplication1\consoleapplication1.cpp(90): note: see declaration of '_TxBuff'
c:\users\lette\source\repos\consoleapplication1\consoleapplication1\consoleapplication1.cpp(365): error C2660: 'address_form': function does not take 2 arguments
  c:\users\lette\source\repos\consoleapplication1\consoleapplication1\consoleapplication1.cpp(914): note: see declaration of 'address_form'
c:\users\lette\source\repos\consoleapplication1\consoleapplication1\consoleapplication1.cpp(366): error C2027: use of undefined type '_TxBuff'
  c:\users\lette\source\repos\consoleapplication1\consoleapplication1\consoleapplication1.cpp(90): note: see declaration of '_TxBuff'
c:\users\lette\source\repos\consoleapplication1\consoleapplication1\consoleapplication1.cpp(366): error C2660: 'address_form': function does not take 2 arguments
  c:\users\lette\source\repos\consoleapplication1\consoleapplication1\consoleapplication1.cpp(914): note: see declaration of 'address_form'
c:\users\lette\source\repos\consoleapplication1\consoleapplication1\consoleapplication1.cpp(367): error C2027: use of undefined type '_TxBuff'
  c:\users\lette\source\repos\consoleapplication1\consoleapplication1\consoleapplication1.cpp(90): note: see declaration of '_TxBuff'
c:\users\lette\source\repos\consoleapplication1\consoleapplication1\consoleapplication1.cpp(368): error C2027: use of undefined type '_TxBuff'
  c:\users\lette\source\repos\consoleapplication1\consoleapplication1\consoleapplication1.cpp(90): note: see declaration of '_TxBuff'
c:\users\lette\source\repos\consoleapplication1\consoleapplication1\consoleapplication1.cpp(369): error C2027: use of undefined type '_TxBuff'
  c:\users\lette\source\repos\consoleapplication1\consoleapplication1\consoleapplication1.cpp(90): note: see declaration of '_TxBuff'
c:\users\lette\source\repos\consoleapplication1\consoleapplication1\consoleapplication1.cpp(370): error C2027: use of undefined type '_TxBuff'
  c:\users\lette\source\repos\consoleapplication1\consoleapplication1\consoleapplication1.cpp(90): note: see declaration of '_TxBuff'
c:\users\lette\source\repos\consoleapplication1\consoleapplication1\consoleapplication1.cpp(381): error C2027: use of undefined type '_TxBuff'
  c:\users\lette\source\repos\consoleapplication1\consoleapplication1\consoleapplication1.cpp(90): note: see declaration of '_TxBuff'
c:\users\lette\source\repos\consoleapplication1\consoleapplication1\consoleapplication1.cpp(382): error C2027: use of undefined type '_TxBuff'
  c:\users\lette\source\repos\consoleapplication1\consoleapplication1\consoleapplication1.cpp(90): note: see declaration of '_TxBuff'
c:\users\lette\source\repos\consoleapplication1\consoleapplication1\consoleapplication1.cpp(383): error C2027: use of undefined type '_TxBuff'
  c:\users\lette\source\repos\consoleapplication1\consoleapplication1\consoleapplication1.cpp(90): note: see declaration of '_TxBuff'
c:\users\lette\source\repos\consoleapplication1\consoleapplication1\consoleapplication1.cpp(383): error C2660: 'address_form': function does not take 2 arguments
  c:\users\lette\source\repos\consoleapplication1\consoleapplication1\consoleapplication1.cpp(914): note: see declaration of 'address_form'
c:\users\lette\source\repos\consoleapplication1\consoleapplication1\consoleapplication1.cpp(384): error C2027: use of undefined type '_TxBuff'
  c:\users\lette\source\repos\consoleapplication1\consoleapplication1\consoleapplication1.cpp(90): note: see declaration of '_TxBuff'
c:\users\lette\source\repos\consoleapplication1\consoleapplication1\consoleapplication1.cpp(384): error C2660: 'address_form': function does not take 2 arguments
  c:\users\lette\source\repos\consoleapplication1\consoleapplication1\consoleapplication1.cpp(914): note: see declaration of 'address_form'
c:\users\lette\source\repos\consoleapplication1\consoleapplication1\consoleapplication1.cpp(393): error C2027: use of undefined type '_TxBuff'
  c:\users\lette\source\repos\consoleapplication1\consoleapplication1\consoleapplication1.cpp(90): note: see declaration of '_TxBuff'
c:\users\lette\source\repos\consoleapplication1\consoleapplication1\consoleapplication1.cpp(394): error C2027: use of undefined type '_TxBuff'
  c:\users\lette\source\repos\consoleapplication1\consoleapplication1\consoleapplication1.cpp(90): note: see declaration of '_TxBuff'
c:\users\lette\source\repos\consoleapplication1\consoleapplication1\consoleapplication1.cpp(394): error C2660: 'sector_form': function does not take 2 arguments
  c:\users\lette\source\repos\consoleapplication1\consoleapplication1\consoleapplication1.cpp(936): note: see declaration of 'sector_form'
c:\users\lette\source\repos\consoleapplication1\consoleapplication1\consoleapplication1.cpp(395): error C2027: use of undefined type '_TxBuff'
  c:\users\lette\source\repos\consoleapplication1\consoleapplication1\consoleapplication1.cpp(90): note: see declaration of '_TxBuff'
c:\users\lette\source\repos\consoleapplication1\consoleapplication1\consoleapplication1.cpp(396): error C2027: use of undefined type '_TxBuff'
  c:\users\lette\source\repos\consoleapplication1\consoleapplication1\consoleapplication1.cpp(90): note: see declaration of '_TxBuff'
c:\users\lette\source\repos\consoleapplication1\consoleapplication1\consoleapplication1.cpp(399): error C2027: use of undefined type '_TxBuff'
  c:\users\lette\source\repos\consoleapplication1\consoleapplication1\consoleapplication1.cpp(90): note: see declaration of '_TxBuff'
c:\users\lette\source\repos\consoleapplication1\consoleapplication1\consoleapplication1.cpp(400): error C2027: use of undefined type '_TxBuff'
  c:\users\lette\source\repos\consoleapplication1\consoleapplication1\consoleapplication1.cpp(90): note: see declaration of '_TxBuff'
c:\users\lette\source\repos\consoleapplication1\consoleapplication1\consoleapplication1.cpp(400): error C2660: 'address_form': function does not take 2 arguments
  c:\users\lette\source\repos\consoleapplication1\consoleapplication1\consoleapplication1.cpp(914): note: see declaration of 'address_form'
c:\users\lette\source\repos\consoleapplication1\consoleapplication1\consoleapplication1.cpp(401): error C2027: use of undefined type '_TxBuff'
  c:\users\lette\source\repos\consoleapplication1\consoleapplication1\consoleapplication1.cpp(90): note: see declaration of '_TxBuff'
c:\users\lette\source\repos\consoleapplication1\consoleapplication1\consoleapplication1.cpp(401): error C2660: 'address_form': function does not take 2 arguments
  c:\users\lette\source\repos\consoleapplication1\consoleapplication1\consoleapplication1.cpp(914): note: see declaration of 'address_form'
c:\users\lette\source\repos\consoleapplication1\consoleapplication1\consoleapplication1.cpp(402): error C2027: use of undefined type '_TxBuff'
  c:\users\lette\source\repos\consoleapplication1\consoleapplication1\consoleapplication1.cpp(90): note: see declaration of '_TxBuff'
c:\users\lette\source\repos\consoleapplication1\consoleapplication1\consoleapplication1.cpp(403): error C2027: use of undefined type '_TxBuff'
  c:\users\lette\source\repos\consoleapplication1\consoleapplication1\consoleapplication1.cpp(90): note: see declaration of '_TxBuff'
c:\users\lette\source\repos\consoleapplication1\consoleapplication1\consoleapplication1.cpp(404): error C2027: use of undefined type '_TxBuff'
  c:\users\lette\source\repos\consoleapplication1\consoleapplication1\consoleapplication1.cpp(90): note: see declaration of '_TxBuff'
c:\users\lette\source\repos\consoleapplication1\consoleapplication1\consoleapplication1.cpp(405): error C2027: use of undefined type '_TxBuff'
  c:\users\lette\source\repos\consoleapplication1\consoleapplication1\consoleapplication1.cpp(90): note: see declaration of '_TxBuff'
c:\users\lette\source\repos\consoleapplication1\consoleapplication1\consoleapplication1.cpp(409): error C2027: use of undefined type '_TxBuff'
  c:\users\lette\source\repos\consoleapplication1\consoleapplication1\consoleapplication1.cpp(90): note: see declaration of '_TxBuff'
c:\users\lette\source\repos\consoleapplication1\consoleapplication1\consoleapplication1.cpp(409): fatal error C1003: error count exceeds 100; stopping compilation
  comPortFunc.cpp
c:\users\lette\source\repos\consoleapplication1\consoleapplication1\consoleapplication1.cpp(133): error C3861: 'com_select': identifier not found
c:\users\lette\source\repos\consoleapplication1\consoleapplication1\consoleapplication1.cpp(134): error C3861: 'comm_est': identifier not found
c:\users\lette\source\repos\consoleapplication1\consoleapplication1\consoleapplication1.cpp(439): error C3861: 'sendMSG': identifier not found
c:\users\lette\source\repos\consoleapplication1\consoleapplication1\consoleapplication1.cpp(440): error C3861: 'readMSG': identifier not found
c:\users\lette\source\repos\consoleapplication1\consoleapplication1\consoleapplication1.cpp(443): error C3861: 'readMSG': identifier not found
c:\users\lette\source\repos\consoleapplication1\consoleapplication1\consoleapplication1.cpp(455): error C3861: 'send_cmd_CS': identifier not found
c:\users\lette\source\repos\consoleapplication1\consoleapplication1\consoleapplication1.cpp(468): error C3861: 'send_cmd_RP': identifier not found
c:\users\lette\source\repos\consoleapplication1\consoleapplication1\consoleapplication1.cpp(469): error C3861: 'readMSG': identifier not found
c:\users\lette\source\repos\consoleapplication1\consoleapplication1\consoleapplication1.cpp(502): error C3861: 'send_cmd_CS': identifier not found
c:\users\lette\source\repos\consoleapplication1\consoleapplication1\consoleapplication1.cpp(509): error C3861: 'send_cmd_WP': identifier not found
c:\users\lette\source\repos\consoleapplication1\consoleapplication1\consoleapplication1.cpp(518): error C3861: 'send_cmd_WP': identifier not found
c:\users\lette\source\repos\consoleapplication1\consoleapplication1\consoleapplication1.cpp(530): error C3861: 'send_cmd_RP': identifier not found
c:\users\lette\source\repos\consoleapplication1\consoleapplication1\consoleapplication1.cpp(531): error C3861: 'readMSG': identifier not found
c:\users\lette\source\repos\consoleapplication1\consoleapplication1\consoleapplication1.cpp(549): error C3861: 'send_cmd_RP': identifier not found
c:\users\lette\source\repos\consoleapplication1\consoleapplication1\consoleapplication1.cpp(550): error C3861: 'readMSG': identifier not found
c:\users\lette\source\repos\consoleapplication1\consoleapplication1\consoleapplication1.cpp(558): error C3861: 'send_cmd_CS': identifier not found
c:\users\lette\source\repos\consoleapplication1\consoleapplication1\consoleapplication1.cpp(575): warning C4477: 'fscanf_s' : format string '%02x' requires an argument of type 'unsigned int *', but variadic argument 1 has type 'uint8_t *'
  c:\users\lette\source\repos\consoleapplication1\consoleapplication1\consoleapplication1.cpp(575): note: consider using '%hhx' in the format string
c:\users\lette\source\repos\consoleapplication1\consoleapplication1\consoleapplication1.cpp(575): warning C4474: 'fscanf_s' : too many arguments passed for format string
  c:\users\lette\source\repos\consoleapplication1\consoleapplication1\consoleapplication1.cpp(575): note: placeholders and their parameters expect 1 variadic arguments, but 2 were provided
c:\users\lette\source\repos\consoleapplication1\consoleapplication1\consoleapplication1.cpp(581): error C3861: 'send_cmd_WP': identifier not found
c:\users\lette\source\repos\consoleapplication1\consoleapplication1\consoleapplication1.cpp(606): error C3861: 'send_cmd_RP': identifier not found
c:\users\lette\source\repos\consoleapplication1\consoleapplication1\consoleapplication1.cpp(607): error C3861: 'readMSG': identifier not found
c:\users\lette\source\repos\consoleapplication1\consoleapplication1\consoleapplication1.cpp(643): error C3861: 'send_cmd_CS': identifier not found
c:\users\lette\source\repos\consoleapplication1\consoleapplication1\consoleapplication1.cpp(694): warning C4477: 'fscanf_s' : format string '%02x' requires an argument of type 'unsigned int *', but variadic argument 1 has type 'uint8_t *'
  c:\users\lette\source\repos\consoleapplication1\consoleapplication1\consoleapplication1.cpp(694): note: consider using '%hhx' in the format string
c:\users\lette\source\repos\consoleapplication1\consoleapplication1\consoleapplication1.cpp(694): warning C4474: 'fscanf_s' : too many arguments passed for format string
  c:\users\lette\source\repos\consoleapplication1\consoleapplication1\consoleapplication1.cpp(694): note: placeholders and their parameters expect 1 variadic arguments, but 2 were provided
c:\users\lette\source\repos\consoleapplication1\consoleapplication1\consoleapplication1.cpp(705): error C3861: 'send_cmd_WP': identifier not found
c:\users\lette\source\repos\consoleapplication1\consoleapplication1\consoleapplication1.cpp(713): error C3861: 'send_cmd_WP': identifier not found
c:\users\lette\source\repos\consoleapplication1\consoleapplication1\consoleapplication1.cpp(722): error C3861: 'send_cmd_WP': identifier not found
c:\users\lette\source\repos\consoleapplication1\consoleapplication1\consoleapplication1.cpp(1121): error C2065: 'hSerial': undeclared identifier
c:\users\lette\source\repos\consoleapplication1\consoleapplication1\comportfunc.cpp(14): error C2086: 'FILE *pFile': redefinition
  c:\users\lette\source\repos\consoleapplication1\consoleapplication1\consoleapplication1.cpp(116): note: see declaration of 'pFile'
  Generating Code...
